2019-11-22 17:47:10 INFO  Driver:17 - Open the browser
2019-11-22 17:47:12 INFO  Driver:24 - Opening the pagehttp://localhost:3000/
2019-11-22 17:47:16 INFO  Driver:34 - Closing driver
2019-11-22 17:48:15 INFO  Driver:17 - Open the browser: 
2019-11-22 17:48:17 INFO  Driver:24 - Opening the page: http://localhost:3000/
2019-11-22 17:48:22 INFO  Driver:34 - Closing driver
2019-11-22 17:57:50 INFO  Driver:17 - Open the browser: 
2019-11-22 17:57:52 INFO  Driver:24 - Opening the page: http://localhost:3000/
2019-11-22 17:57:57 INFO  Driver:34 - Closing driver
2019-11-22 18:00:37 INFO  Driver:17 - Open the browser: 
2019-11-22 18:00:40 INFO  Driver:24 - Opening the page: http://localhost:3000/
2019-11-22 18:00:48 INFO  Driver:34 - Closing driver
2019-11-22 18:02:21 INFO  Driver:17 - Open the browser: 
2019-11-22 18:02:23 INFO  Driver:24 - Opening the page: http://localhost:3000/
2019-11-22 18:02:28 INFO  Driver:34 - Closing driver
2019-11-22 18:06:33 INFO  Driver:17 - Open the browser: 
2019-11-22 18:06:33 ERROR Driver:19 - Error 
2019-11-22 18:06:33 WARN  Driver:20 - Warn
2019-11-22 18:06:33 FATAL Driver:21 - fatal
2019-11-22 18:06:34 INFO  Driver:28 - Opening the page: http://localhost:3000/
2019-11-22 18:06:39 INFO  Driver:38 - Closing driver
2019-11-22 18:13:59 INFO  Driver:17 - Open the browser: 
2019-11-22 18:13:59 ERROR Driver:19 - Error 
2019-11-22 18:13:59 WARN  Driver:20 - Warn
2019-11-22 18:13:59 FATAL Driver:21 - Fatal
2019-11-22 18:14:02 INFO  Driver:28 - Opening the page: http://localhost:3000/
2019-11-22 18:14:04 INFO  Driver:38 - Closing driver
2019-11-22 18:15:30 ERROR Driver:19 - Error 
2019-11-22 18:15:30 WARN  Driver:20 - Warn
2019-11-22 18:15:30 FATAL Driver:21 - Fatal
2019-11-22 18:16:50 INFO  Driver:17 - Open the browser: 
2019-11-22 18:16:50 TRACE Driver:18 - Trace 
2019-11-22 18:16:50 ERROR Driver:19 - Error 
2019-11-22 18:16:50 WARN  Driver:20 - Warn
2019-11-22 18:16:50 FATAL Driver:21 - Fatal
2019-11-22 18:16:53 INFO  Driver:28 - Opening the page: http://localhost:3000/
2019-11-22 18:16:58 INFO  Driver:38 - Closing driver
2019-11-22 18:52:21 INFO  Driver:17 - Open the browser: 
2019-11-22 18:52:23 INFO  Driver:28 - Opening the page: http://localhost:3000/
2019-11-22 18:52:32 INFO  Driver:38 - Closing driver
2019-11-22 18:52:44 INFO  Driver:17 - Open the browser: 
2019-11-22 18:52:46 INFO  Driver:28 - Opening the page: http://localhost:3000/admin
2019-11-22 18:52:56 INFO  Driver:38 - Closing driver
2019-11-22 18:53:02 INFO  Driver:17 - Open the browser: 
2019-11-22 18:53:04 INFO  Driver:28 - Opening the page: http://localhost:3000/admin
2019-11-22 18:53:13 INFO  Driver:38 - Closing driver
2019-11-22 19:49:48 INFO  Driver:17 - Open the browser: 
2019-11-22 19:49:51 INFO  Driver:28 - Opening the page: http://localhost:3000/admin
2019-11-22 19:50:03 INFO  Driver:38 - Closing driver
2019-11-25 11:09:23 INFO  Driver:17 - Open the browser: 
2019-11-25 11:09:25 INFO  Driver:28 - Opening the page: http://localhost:3000/admin
2019-11-25 11:09:35 INFO  Driver:38 - Closing driver
2019-11-25 11:14:32 INFO  Driver:17 - Open the browser: 
2019-11-25 11:14:34 INFO  Driver:28 - Opening the page: http://localhost:3000/admin
2019-11-25 11:14:45 INFO  Driver:38 - Closing driver
2019-11-25 11:20:04 INFO  Driver:17 - Open the browser: 
2019-11-25 11:20:07 INFO  Driver:28 - Opening the page: http://localhost:3000/admin
2019-11-25 11:20:17 INFO  Driver:38 - Closing driver
2019-11-25 11:38:19 INFO  Driver:17 - Open the browser: 
2019-11-25 11:38:22 INFO  Driver:28 - Opening the page: http://localhost:3000/admin
2019-11-25 11:38:31 INFO  Driver:38 - Closing driver
2019-11-25 11:49:40 INFO  Driver:17 - Open the browser: 
2019-11-25 11:49:43 INFO  Driver:28 - Opening the page: http://localhost:3000/admin
2019-11-25 11:49:53 INFO  Driver:38 - Closing driver
2019-11-25 11:53:41 INFO  Driver:17 - Open the browser: 
2019-11-25 11:53:43 INFO  Driver:28 - Opening the page: http://localhost:3000/admin
2019-11-25 11:53:53 INFO  Driver:38 - Closing driver
2019-11-25 11:56:46 INFO  Driver:17 - Open the browser: 
2019-11-25 11:56:49 INFO  Driver:28 - Opening the page: http://localhost:3000/admin
2019-11-25 11:56:59 INFO  Driver:38 - Closing driver
2019-11-25 12:08:17 INFO  Driver:17 - Open the browser: 
2019-11-25 12:08:20 INFO  Driver:28 - Opening the page: http://localhost:3000/admin
2019-11-25 12:08:30 INFO  Driver:38 - Closing driver
2019-11-25 12:10:50 INFO  Driver:17 - Open the browser: 
2019-11-25 12:10:53 INFO  Driver:28 - Opening the page: http://localhost:3000/admin
2019-11-25 12:11:03 INFO  Driver:38 - Closing driver
2019-11-25 12:12:56 INFO  Driver:17 - Open the browser: 
2019-11-25 12:12:59 INFO  Driver:28 - Opening the page: http://localhost:3000/admin
2019-11-25 12:13:05 INFO  Driver:38 - Closing driver
2019-11-25 12:13:14 INFO  Driver:17 - Open the browser: 
2019-11-25 12:13:17 INFO  Driver:28 - Opening the page: http://localhost:3000/admin
2019-11-25 12:13:22 INFO  Driver:38 - Closing driver
2019-11-25 12:15:17 INFO  Driver:17 - Open the browser: 
2019-11-25 12:15:19 INFO  Driver:28 - Opening the page: http://localhost:3000/admin
2019-11-25 12:15:25 INFO  Driver:38 - Closing driver
2019-11-25 12:15:35 INFO  Driver:17 - Open the browser: 
2019-11-25 12:15:37 INFO  Driver:28 - Opening the page: http://localhost:3000/admin
2019-11-25 12:15:43 INFO  Driver:38 - Closing driver
2019-11-25 12:32:07 INFO  Driver:17 - Open the browser: 
2019-11-25 12:32:10 INFO  Driver:28 - Opening the page: http://localhost:3000/admin
2019-11-25 12:32:37 INFO  Driver:38 - Closing driver
2019-11-25 12:39:43 INFO  Driver:17 - Open the browser: 
2019-11-25 12:39:46 INFO  Driver:28 - Opening the page: http://localhost:3000/admin
2019-11-25 12:39:52 INFO  Driver:38 - Closing driver
2019-11-25 12:40:29 INFO  Driver:17 - Open the browser: 
2019-11-25 12:40:32 INFO  Driver:28 - Opening the page: http://localhost:3000/admin
2019-11-25 12:40:38 INFO  Driver:38 - Closing driver
2019-11-25 12:41:11 INFO  Driver:17 - Open the browser: 
2019-11-25 12:41:13 INFO  Driver:28 - Opening the page: http://localhost:3000/admin
2019-11-25 12:41:19 INFO  Driver:38 - Closing driver
2019-11-25 12:42:11 INFO  Driver:17 - Open the browser: 
2019-11-25 12:42:13 INFO  Driver:28 - Opening the page: http://localhost:3000/admin
2019-11-25 12:42:39 INFO  Driver:38 - Closing driver
2019-11-25 12:43:13 INFO  Driver:17 - Open the browser: 
2019-11-25 12:43:16 INFO  Driver:28 - Opening the page: http://localhost:3000/admin
2019-11-25 12:43:21 INFO  Driver:38 - Closing driver
2019-11-25 12:44:24 INFO  Driver:17 - Open the browser: 
2019-11-25 12:44:27 INFO  Driver:28 - Opening the page: http://localhost:3000/admin
2019-11-25 12:44:52 INFO  Driver:38 - Closing driver
2019-11-25 12:49:28 INFO  Driver:17 - Open the browser: 
2019-11-25 12:49:31 INFO  Driver:28 - Opening the page: http://localhost:3000/admin
2019-11-25 12:49:57 INFO  Driver:38 - Closing driver
2019-11-25 13:46:15 INFO  Driver:17 - Open the browser: 
2019-11-25 13:46:18 INFO  Driver:28 - Opening the page: http://localhost:3000/admin
2019-11-25 13:46:44 INFO  Driver:38 - Closing driver
2019-11-25 13:50:00 INFO  Driver:17 - Open the browser: 
2019-11-25 13:50:02 INFO  Driver:28 - Opening the page: http://localhost:3000/admin
2019-11-25 13:50:28 INFO  Driver:38 - Closing driver
2019-11-25 13:50:58 INFO  Driver:17 - Open the browser: 
2019-11-25 13:51:00 INFO  Driver:28 - Opening the page: http://localhost:3000/admin
2019-11-25 13:51:06 INFO  Driver:38 - Closing driver
2019-11-25 13:51:33 INFO  Driver:17 - Open the browser: 
2019-11-25 13:51:36 INFO  Driver:28 - Opening the page: http://localhost:3000/admin
2019-11-25 13:51:41 INFO  Driver:38 - Closing driver
2019-11-25 13:56:34 INFO  Driver:17 - Open the browser: 
2019-11-25 13:56:37 INFO  Driver:28 - Opening the page: http://localhost:3000/admin
2019-11-25 13:56:43 INFO  Driver:38 - Closing driver
2019-11-25 14:08:09 INFO  Driver:17 - Open the browser: 
2019-11-25 14:08:12 INFO  Driver:28 - Opening the page: http://localhost:3000/admin
2019-11-25 14:08:19 INFO  Driver:38 - Closing driver
2019-11-25 14:10:33 INFO  Driver:17 - Open the browser: 
2019-11-25 14:10:39 INFO  Driver:28 - Opening the page: http://localhost:3000/admin
2019-11-25 14:10:53 INFO  Driver:38 - Closing driver
2019-11-25 14:11:36 INFO  Driver:17 - Open the browser: 
2019-11-25 14:11:39 INFO  Driver:28 - Opening the page: http://localhost:3000/admin
2019-11-25 14:11:48 INFO  Driver:38 - Closing driver
2019-11-25 14:16:31 INFO  Driver:17 - Open the browser: 
2019-11-25 14:16:34 INFO  Driver:28 - Opening the page: http://localhost:3000/admin
2019-11-25 14:16:40 INFO  Driver:38 - Closing driver
2019-11-25 14:17:26 INFO  Driver:17 - Open the browser: 
2019-11-25 14:17:28 INFO  Driver:28 - Opening the page: http://localhost:3000/admin
2019-11-25 14:17:33 INFO  Driver:38 - Closing driver
2019-11-25 15:37:53 INFO  Driver:17 - Open the browser: 
2019-11-25 15:37:57 INFO  Driver:28 - Opening the page: http://localhost:3000/admin
2019-11-25 15:38:06 INFO  Driver:38 - Closing driver
2019-11-25 16:02:54 INFO  Driver:17 - Open the browser: 
2019-11-25 16:02:58 INFO  Driver:28 - Opening the page: http://localhost:3000/admin
2019-11-25 16:03:06 INFO  Driver:38 - Closing driver
2019-11-25 16:08:27 INFO  Driver:17 - Open the browser: 
2019-11-25 16:08:31 INFO  Driver:28 - Opening the page: http://localhost:3000/admin
2019-11-25 16:08:39 INFO  Driver:38 - Closing driver
2019-11-25 16:18:35 INFO  Driver:17 - Open the browser: 
2019-11-25 16:18:39 INFO  Driver:28 - Opening the page: http://localhost:3000/admin
2019-11-25 16:18:46 INFO  Driver:38 - Closing driver
2019-11-25 18:25:11 INFO  Driver:17 - Open the browser: 
2019-11-25 18:25:18 INFO  Driver:28 - Opening the page: http://localhost:3000/admin
2019-11-25 19:17:56 INFO  Driver:17 - Open the browser: 
2019-11-25 19:17:59 INFO  Driver:28 - Opening the page: http://localhost:3000/admin
2019-11-25 19:18:08 INFO  Driver:38 - Closing driver
2019-11-25 19:48:58 INFO  Driver:17 - Open the browser: 
2019-11-25 19:49:02 INFO  Driver:28 - Opening the page: http://localhost:3000/admin
2019-11-25 19:49:27 INFO  Driver:38 - Closing driver
2019-11-25 19:54:11 INFO  Driver:17 - Open the browser: 
2019-11-25 19:54:13 INFO  Driver:28 - Opening the page: http://localhost:3000/admin
2019-11-25 19:54:21 INFO  Driver:38 - Closing driver
2019-11-25 20:11:59 INFO  Driver:17 - Open the browser: 
2019-11-25 20:12:02 INFO  Driver:28 - Opening the page: http://localhost:3000/admin
2019-11-25 20:12:19 INFO  Driver:38 - Closing driver
2019-11-25 20:12:53 INFO  Driver:17 - Open the browser: 
2019-11-25 20:12:56 INFO  Driver:28 - Opening the page: http://localhost:3000/admin
2019-11-25 20:13:01 INFO  Driver:38 - Closing driver
2019-11-25 20:20:45 INFO  Driver:17 - Open the browser: 
2019-11-25 20:20:47 INFO  Driver:28 - Opening the page: http://localhost:3000/admin
2019-11-25 20:20:53 INFO  Driver:38 - Closing driver
2019-11-25 21:03:30 INFO  Driver:17 - Open the browser: 
2019-11-25 21:03:33 INFO  Driver:28 - Opening the page: http://localhost:3000/admin
2019-11-25 21:03:39 INFO  Driver:38 - Closing driver
2019-11-25 21:08:51 INFO  Driver:17 - Open the browser: 
2019-11-25 21:08:54 INFO  Driver:28 - Opening the page: http://localhost:3000/admin
2019-11-25 21:11:03 INFO  Driver:17 - Open the browser: 
2019-11-25 21:11:06 INFO  Driver:28 - Opening the page: http://localhost:3000/admin
2019-11-25 21:11:11 INFO  Driver:17 - Open the browser: 
2019-11-25 21:11:12 INFO  Driver:17 - Open the browser: 
2019-11-25 21:13:26 INFO  Driver:17 - Open the browser: 
2019-11-25 21:13:29 INFO  Driver:28 - Opening the page: http://localhost:3000/admin
2019-11-25 21:13:35 INFO  Driver:17 - Open the browser: 
2019-11-25 21:13:35 INFO  Driver:17 - Open the browser: 
2019-11-25 21:15:41 INFO  Driver:17 - Open the browser: 
2019-11-25 21:15:44 INFO  Driver:28 - Opening the page: http://localhost:3000/admin
2019-11-25 21:15:49 INFO  Driver:38 - Closing driver
2019-11-25 21:16:21 INFO  Driver:17 - Open the browser: 
2019-11-25 21:16:23 INFO  Driver:28 - Opening the page: http://localhost:3000/admin
2019-11-25 21:16:29 INFO  Driver:38 - Closing driver
